# JRE version: OpenJDK Runtime Environment (21.0.4) (build 21.0.4+-12508038-b607.1)
# Java VM: OpenJDK 64-Bit Server VM (21.0.4+-12508038-b607.1, mixed mode, tiered, compressed oops, compressed class ptrs, g1 gc, windows-amd64)
GC Precious Log:
 CardTable entry size: 512
 Card Set container configuration: InlinePtr #cards 5 size 8 Array Of Cards #cards 12 size 40 Howl #buckets 4 coarsen threshold 1843 Howl Bitmap #cards 512 size 80 coarsen threshold 460 Card regions per heap region 1 cards per card region 2048
 CPUs: 12 total, 12 available
 Memory: 15710M
 Large Page Support: Disabled
 NUMA Support: Disabled
 Compressed Oops: Enabled (32-bit)
 Heap Region Size: 1M
 Heap Min Capacity: 8M
 Heap Initial Capacity: 246M
 Heap Max Capacity: 2G
 Pre-touch: Disabled
 Parallel Workers: 10
 Concurrent Workers: 3
 Concurrent Refinement Workers: 10
 Periodic GC: Disabled
Heap:
 garbage-first heap   total 239616K, used 193356K [0x0000000080000000, 0x0000000100000000)
  region size 1024K, 64 young (65536K), 12 survivors (12288K)
 Metaspace       used 147429K, committed 149696K, reserved 1179648K
  class space    used 18813K, committed 19968K, reserved 1048576K
GC Heap History (20 events):
Event: 11.838 GC heap before
{Heap before GC invocations=29 (full 0):
 garbage-first heap   total 174080K, used 152904K [0x0000000080000000, 0x0000000100000000)
  region size 1024K, 56 young (57344K), 6 survivors (6144K)
 Metaspace       used 94733K, committed 96704K, reserved 1179648K
  class space    used 12613K, committed 13568K, reserved 1048576K
}
Event: 11.845 GC heap after
{Heap after GC invocations=30 (full 0):
 garbage-first heap   total 174080K, used 105214K [0x0000000080000000, 0x0000000100000000)
  region size 1024K, 7 young (7168K), 7 survivors (7168K)
 Metaspace       used 94733K, committed 96704K, reserved 1179648K
  class space    used 12613K, committed 13568K, reserved 1048576K
}
Event: 12.383 GC heap before
{Heap before GC invocations=30 (full 0):
 garbage-first heap   total 174080K, used 157438K [0x0000000080000000, 0x0000000100000000)
  region size 1024K, 57 young (58368K), 7 survivors (7168K)
 Metaspace       used 98319K, committed 100352K, reserved 1179648K
  class space    used 13047K, committed 14080K, reserved 1048576K
}
Event: 12.391 GC heap after
{Heap after GC invocations=31 (full 0):
 garbage-first heap   total 174080K, used 107728K [0x0000000080000000, 0x0000000100000000)
  region size 1024K, 7 young (7168K), 7 survivors (7168K)
 Metaspace       used 98319K, committed 100352K, reserved 1179648K
  class space    used 13047K, committed 14080K, reserved 1048576K
}
Event: 12.905 GC heap before
{Heap before GC invocations=31 (full 0):
 garbage-first heap   total 174080K, used 156880K [0x0000000080000000, 0x0000000100000000)
  region size 1024K, 55 young (56320K), 7 survivors (7168K)
 Metaspace       used 101705K, committed 103744K, reserved 1179648K
  class space    used 13411K, committed 14464K, reserved 1048576K
}
Event: 12.912 GC heap after
{Heap after GC invocations=32 (full 0):
 garbage-first heap   total 174080K, used 112017K [0x0000000080000000, 0x0000000100000000)
  region size 1024K, 7 young (7168K), 7 survivors (7168K)
 Metaspace       used 101705K, committed 103744K, reserved 1179648K
  class space    used 13411K, committed 14464K, reserved 1048576K
}
Event: 13.467 GC heap before
{Heap before GC invocations=33 (full 0):
 garbage-first heap   total 188416K, used 156049K [0x0000000080000000, 0x0000000100000000)
  region size 1024K, 50 young (51200K), 7 survivors (7168K)
 Metaspace       used 107008K, committed 109056K, reserved 1179648K
  class space    used 13931K, committed 14976K, reserved 1048576K
}
Event: 13.474 GC heap after
{Heap after GC invocations=34 (full 0):
 garbage-first heap   total 188416K, used 115571K [0x0000000080000000, 0x0000000100000000)
  region size 1024K, 4 young (4096K), 4 survivors (4096K)
 Metaspace       used 107008K, committed 109056K, reserved 1179648K
  class space    used 13931K, committed 14976K, reserved 1048576K
}
Event: 14.185 GC heap before
{Heap before GC invocations=34 (full 0):
 garbage-first heap   total 188416K, used 170867K [0x0000000080000000, 0x0000000100000000)
  region size 1024K, 58 young (59392K), 4 survivors (4096K)
 Metaspace       used 115531K, committed 117568K, reserved 1179648K
  class space    used 14840K, committed 15872K, reserved 1048576K
}
Event: 14.191 GC heap after
{Heap after GC invocations=35 (full 0):
 garbage-first heap   total 188416K, used 116310K [0x0000000080000000, 0x0000000100000000)
  region size 1024K, 5 young (5120K), 5 survivors (5120K)
 Metaspace       used 115531K, committed 117568K, reserved 1179648K
  class space    used 14840K, committed 15872K, reserved 1048576K
}
Event: 14.989 GC heap before
{Heap before GC invocations=35 (full 0):
 garbage-first heap   total 188416K, used 171606K [0x0000000080000000, 0x0000000100000000)
  region size 1024K, 60 young (61440K), 5 survivors (5120K)
 Metaspace       used 122042K, committed 124096K, reserved 1179648K
  class space    used 15514K, committed 16576K, reserved 1048576K
}
Event: 14.996 GC heap after
{Heap after GC invocations=36 (full 0):
 garbage-first heap   total 188416K, used 119808K [0x0000000080000000, 0x0000000100000000)
  region size 1024K, 5 young (5120K), 5 survivors (5120K)
 Metaspace       used 122042K, committed 124096K, reserved 1179648K
  class space    used 15514K, committed 16576K, reserved 1048576K
}
Event: 15.529 GC heap before
{Heap before GC invocations=37 (full 0):
 garbage-first heap   total 199680K, used 173056K [0x0000000080000000, 0x0000000100000000)
  region size 1024K, 56 young (57344K), 5 survivors (5120K)
 Metaspace       used 122292K, committed 124416K, reserved 1179648K
  class space    used 15514K, committed 16576K, reserved 1048576K
}
Event: 15.536 GC heap after
{Heap after GC invocations=38 (full 0):
 garbage-first heap   total 199680K, used 124839K [0x0000000080000000, 0x0000000100000000)
  region size 1024K, 5 young (5120K), 5 survivors (5120K)
 Metaspace       used 122292K, committed 124416K, reserved 1179648K
  class space    used 15514K, committed 16576K, reserved 1048576K
}
Event: 16.535 GC heap before
{Heap before GC invocations=38 (full 0):
 garbage-first heap   total 199680K, used 183207K [0x0000000080000000, 0x0000000100000000)
  region size 1024K, 62 young (63488K), 5 survivors (5120K)
 Metaspace       used 130292K, committed 132416K, reserved 1179648K
  class space    used 16633K, committed 17664K, reserved 1048576K
}
Event: 16.543 GC heap after
{Heap after GC invocations=39 (full 0):
 garbage-first heap   total 239616K, used 129559K [0x0000000080000000, 0x0000000100000000)
  region size 1024K, 5 young (5120K), 5 survivors (5120K)
 Metaspace       used 130292K, committed 132416K, reserved 1179648K
  class space    used 16633K, committed 17664K, reserved 1048576K
}
Event: 18.115 GC heap before
{Heap before GC invocations=39 (full 0):
 garbage-first heap   total 239616K, used 206359K [0x0000000080000000, 0x0000000100000000)
  region size 1024K, 80 young (81920K), 5 survivors (5120K)
 Metaspace       used 138356K, committed 140608K, reserved 1179648K
  class space    used 17722K, committed 18816K, reserved 1048576K
}
Event: 18.126 GC heap after
{Heap after GC invocations=40 (full 0):
 garbage-first heap   total 239616K, used 134234K [0x0000000080000000, 0x0000000100000000)
  region size 1024K, 10 young (10240K), 10 survivors (10240K)
 Metaspace       used 138356K, committed 140608K, reserved 1179648K
  class space    used 17722K, committed 18816K, reserved 1048576K
}
Event: 21.385 GC heap before
{Heap before GC invocations=40 (full 0):
 garbage-first heap   total 239616K, used 214106K [0x0000000080000000, 0x0000000100000000)
  region size 1024K, 89 young (91136K), 10 survivors (10240K)
 Metaspace       used 147176K, committed 149504K, reserved 1179648K
  class space    used 18809K, committed 19968K, reserved 1048576K
}
Event: 21.398 GC heap after
{Heap after GC invocations=41 (full 0):
 garbage-first heap   total 239616K, used 142156K [0x0000000080000000, 0x0000000100000000)
  region size 1024K, 12 young (12288K), 12 survivors (12288K)
 Metaspace       used 147176K, committed 149504K, reserved 1179648K
  class space    used 18809K, committed 19968K, reserved 1048576K
}

